<?xml version="1.0" encoding="UTF-8"?>
<!-- Generated by org.testng.reporters.JUnitReportReporter -->
<testsuite skipped="0" hostname="Simlat_Asus" name="com.CompName.SDET_Nov_2019.InsuranceCalculateTests" tests="4" failures="0" timestamp="2019-12-12T11:49:42 EST" time="0.017" errors="0">
  <testcase name="Test3" time="0.001" classname="com.CompName.SDET_Nov_2019.InsuranceCalculateTests"/>
  <testcase name="Test4" time="0.002" classname="com.CompName.SDET_Nov_2019.InsuranceCalculateTests"/>
  <testcase name="Test1" time="0.012" classname="com.CompName.SDET_Nov_2019.InsuranceCalculateTests"/>
  <testcase name="Test2" time="0.002" classname="com.CompName.SDET_Nov_2019.InsuranceCalculateTests"/>
</testsuite> <!-- com.CompName.SDET_Nov_2019.InsuranceCalculateTests -->
